\BOOKMARK [0][-]{chapter.1}{\376\377\176\352\213\272}{}% 1
\BOOKMARK [1][-]{section.1.1}{\376\377\151\202\217\360}{chapter.1}% 2
\BOOKMARK [1][-]{section.1.2}{\376\377\150\007\230\230\146\076\171\072}{chapter.1}% 3
\BOOKMARK [1][-]{section.1.3}{\376\377\116\000\176\247\150\007\230\230}{chapter.1}% 4
\BOOKMARK [2][-]{subsection.1.3.1}{\376\377\116\214\176\247\150\007\230\230}{section.1.3}% 5
\BOOKMARK [1][-]{section.1.4}{\376\377\133\127\117\123\214\003\145\164}{chapter.1}% 6
\BOOKMARK [0][-]{chapter.2}{\376\377\000L\000a\000T\000e\000X\145\160\133\146\163\257\130\203}{}% 7
\BOOKMARK [1][-]{section.2.1}{\376\377\121\154\137\017\116\016\145\160\133\146\133\127\173\046}{chapter.2}% 8
\BOOKMARK [1][-]{section.2.2}{\376\377\145\160\133\146\163\257\130\203}{chapter.2}% 9
\BOOKMARK [0][-]{chapter.3}{\376\377\126\376\210\150\123\312\137\025\165\050}{}% 10
\BOOKMARK [1][-]{section.3.1}{\376\377\126\376\162\107}{chapter.3}% 11
\BOOKMARK [1][-]{section.3.2}{\376\377\210\150\150\074\116\016\122\027\210\150}{chapter.3}% 12
\BOOKMARK [1][-]{section.3.3}{\376\377\145\340\136\217\122\027\210\150\116\016\147\011\136\217\122\027\210\150}{chapter.3}% 13
\BOOKMARK [1][-]{section.3.4}{\376\377\137\025\165\050\213\276\177\156}{chapter.3}% 14
\BOOKMARK [2][-]{subsection.3.4.1}{\376\377\201\032\154\350\116\016\215\205\224\376\143\245}{section.3.4}% 15
\BOOKMARK [2][-]{subsection.3.4.2}{\376\377\123\302\200\003\145\207\163\056}{section.3.4}% 16
\BOOKMARK [0][-]{chapter.4}{\376\377\116\343\170\001\060\001\173\227\154\325\116\016\226\104\137\125}{}% 17
\BOOKMARK [1][-]{section.4.1}{\376\377\116\343\170\001}{chapter.4}% 18
\BOOKMARK [1][-]{section.4.2}{\376\377\173\227\154\325}{chapter.4}% 19
\BOOKMARK [1][-]{section.4.3}{\376\377\226\104\137\125}{chapter.4}% 20
\BOOKMARK [0][-]{appendix.A}{\376\377\226\104\137\125}{}% 21
